1650348989378	geckodriver	INFO	Listening on 127.0.0.1:55275
1650348992406	mozrunner::runner	INFO	Running command: "C:\\Program Files\\Mozilla Firefox\\firefox.exe" "--marionette" "-no-remote" "-profile" "C:\\Users\\cheer\\AppData\\Local\\Temp\\rust_mozprofiletij3yA"
1650348993548	Marionette	INFO	Marionette enabled
console.warn: SearchSettings: "get: No settings file exists, new profile?" (new NotFoundError("Could not open the file at C:\\Users\\cheer\\AppData\\Local\\Temp\\rust_mozprofiletij3yA\\search.json.mozlz4", (void 0)))
1650348998792	Marionette	INFO	Listening on port 55321
Read port: 55321
1650348998919	RemoteAgent	WARN	TLS certificate errors will be ignored for this session
1650349555380	Marionette	INFO	Stopped listening on port 55321

###!!! [Parent][PGPUParent] Error: RunMessage(msgname=PGPU::Msg_ShutdownVR) Channel closing: too late to send/recv, messages will be lost

\\Users\\cheer\\AppData\\Local\\Temp\\rust_mozprofilexqG2T3"
1650349043601	Marionette	INFO	Marionette enabled
console.warn: SearchSettings: "get: No settings file exists, new profile?" (new NotFoundError("Could not open the file at C:\\Users\\cheer\\AppData\\Local\\Temp\\rust_mozprofilexqG2T3\\search.json.mozlz4", (void 0)))
1650349047203	Marionette	INFO	Listening on port 55461
Read port: 55461
1650349047301	RemoteAgent	WARN	TLS certificate errors will be ignored for this session
1650349555379	Marionette	INFO	Stopped listening on port 55461

###!!! [Parent][PGPUParent] Error: RunMessage(msgname=PGPU::Msg_ShutdownVR) Channel closing: too late to send/recv, messages will be lost

\\Users\\cheer\\AppData\\Local\\Temp\\rust_mozprofilePg6liZ"
1650349089644	Marionette	INFO	Marionette enabled
console.warn: SearchSettings: "get: No settings file exists, new profile?" (new NotFoundError("Could not open the file at C:\\Users\\cheer\\AppData\\Local\\Temp\\rust_mozprofilePg6liZ\\search.json.mozlz4", (void 0)))
1650349093763	Marionette	INFO	Listening on port 55605
Read port: 55605
1650349093893	RemoteAgent	WARN	TLS certificate errors will be ignored for this session
JavaScript error: resource://gre/modules/AsyncShutdown.jsm, line 575: NotFoundError: No such JSWindowActor 'DevToolsFrame'
1650349542616	Marionette	INFO	Stopped listening on port 55605
ote" "-profile" "C:\\Users\\cheer\\AppData\\Local\\Temp\\rust_mozprofilezgzDeq"
1650349117112	Marionette	INFO	Marionette enabled
console.warn: SearchSettings: "get: No settings file exists, new profile?" (new NotFoundError("Could not open the file at C:\\Users\\cheer\\AppData\\Local\\Temp\\rust_mozprofilezgzDeq\\search.json.mozlz4", (void 0)))
1650349121361	Marionette	INFO	Listening on port 55722
Read port: 55722
1650349121449	RemoteAgent	WARN	TLS certificate errors will be ignored for this session
1650349130143	Marionette	INFO	Stopped listening on port 55722

###!!! [Parent][PContentParent] Error: Send(msgname=PContent::Msg_DestroyBrowsingContextGroup) Closed channel: cannot send/recv

1650349145486	geckodriver	INFO	Listening on 127.0.0.1:55796
1650349148602	mozrunner::runner	INFO	Running command: "C:\\Program Files\\Mozilla Firefox\\firefox.exe" "--marionette" "-no-remote" "-profile" "C:\\Users\\cheer\\AppData\\Local\\Temp\\rust_mozprofilec0vC0K"
1650349149364	Marionette	INFO	Marionette enabled
console.warn: SearchSettings: "get: No settings file exists, new profile?" (new NotFoundError("Could not open the file at C:\\Users\\cheer\\AppData\\Local\\Temp\\rust_mozprofilec0vC0K\\search.json.mozlz4", (void 0)))
1650349153564	Marionette	INFO	Listening on port 55838
Read port: 55838
1650349153671	RemoteAgent	WARN	TLS certificate errors will be ignored for this session
1650349158861	Marionette	INFO	Stopped listening on port 55838
1650349180175	geckodriver	INFO	Listening on 127.0.0.1:55924
1650349183240	mozrunner::runner	INFO	Running command: "C:\\Program Files\\Mozilla Firefox\\firefox.exe" "--marionette" "-no-remote" "-profile" "C:\\Users\\cheer\\AppData\\Local\\Temp\\rust_mozprofilenA7CJI"
1650349184076	Marionette	INFO	Marionette enabled
console.warn: SearchSettings: "get: No settings file exists, new profile?" (new NotFoundError("Could not open the file at C:\\Users\\cheer\\AppData\\Local\\Temp\\rust_mozprofilenA7CJI\\search.json.mozlz4", (void 0)))
1650349188263	Marionette	INFO	Listening on port 55963
Read port: 55963
1650349188388	RemoteAgent	WARN	TLS certificate errors will be ignored for this session
1650349192578	Marionette	INFO	Stopped listening on port 55963
1650349248975	geckodriver	INFO	Listening on 127.0.0.1:56091
1650349252028	mozrunner::runner	INFO	Running command: "C:\\Program Files\\Mozilla Firefox\\firefox.exe" "--marionette" "-no-remote" "-profile" "C:\\Users\\cheer\\AppData\\Local\\Temp\\rust_mozprofileP3ukmA"
1650349252971	Marionette	INFO	Marionette enabled
console.warn: SearchSettings: "get: No settings file exists, new profile?" (new NotFoundError("Could not open the file at C:\\Users\\cheer\\AppData\\Local\\Temp\\rust_mozprofileP3ukmA\\search.json.mozlz4", (void 0)))
1650349256341	Marionette	INFO	Listening on port 56128
Read port: 56128
1650349256468	RemoteAgent	WARN	TLS certificate errors will be ignored for this session
1650349263091	Marionette	INFO	Stopped listening on port 56128
1650349298096	geckodriver	INFO	Listening on 127.0.0.1:56233
1650349301179	mozrunner::runner	INFO	Running command: "C:\\Program Files\\Mozilla Firefox\\firefox.exe" "--marionette" "-no-remote" "-profile" "C:\\Users\\cheer\\AppData\\Local\\Temp\\rust_mozprofileJ48o0L"
1650349301912	Marionette	INFO	Marionette enabled
console.warn: SearchSettings: "get: No settings file exists, new profile?" (new NotFoundError("Could not open the file at C:\\Users\\cheer\\AppData\\Local\\Temp\\rust_mozprofileJ48o0L\\search.json.mozlz4", (void 0)))
1650349306050	Marionette	INFO	Listening on port 56273
Read port: 56273
1650349306143	RemoteAgent	WARN	TLS certificate errors will be ignored for this session
1650349310439	Marionette	INFO	Stopped listening on port 56273
1650349334109	geckodriver	INFO	Listening on 127.0.0.1:56353
1650349337177	mozrunner::runner	INFO	Running command: "C:\\Program Files\\Mozilla Firefox\\firefox.exe" "--marionette" "-no-remote" "-profile" "C:\\Users\\cheer\\AppData\\Local\\Temp\\rust_mozprofileu0qNrv"
1650349337987	Marionette	INFO	Marionette enabled
console.warn: SearchSettings: "get: No settings file exists, new profile?" (new NotFoundError("Could not open the file at C:\\Users\\cheer\\AppData\\Local\\Temp\\rust_mozprofileu0qNrv\\search.json.mozlz4", (void 0)))
1650349341918	Marionette	INFO	Listening on port 56393
Read port: 56393
1650349342017	RemoteAgent	WARN	TLS certificate errors will be ignored for this session
1650349346714	Marionette	INFO	Stopped listening on port 56393

###!!! [Parent][PContentParent] Error: Send(msgname=PContent::Msg_DestroyBrowsingContextGroup) Closed channel: cannot send/recv


###!!! [Child][PContentChild] Error: RunMessage(msgname=PContent::Reply_DiscardBrowsingContext) Channel closing: too late to send/recv, messages will be lost


###!!! [Child][PContentChild] Error: RunMessage(msgname=PHttpChannel::Msg_DeleteSelf) Channel closing: too late to send/recv, messages will be lost


###!!! [Child][PContentChild] Error: RunMessage(msgname=PHttpChannel::Msg_DeleteSelf) Channel closing: too late to send/recv, messages will be lost


###!!! [Child][PContentChild] Error: RunMessage(msgname=PHttpChannel::Msg_DeleteSelf) Channel closing: too late to send/recv, messages will be lost


###!!! [Child][PContentChild] Error: RunMessage(msgname=PHttpChannel::Msg_DeleteSelf) Channel closing: too late to send/recv, messages will be lost


###!!! [Child][PContentChild] Error: RunMessage(msgname=PHttpChannel::Msg_DeleteSelf) Channel closing: too late to send/recv, messages will be lost


###!!! [Child][PContentChild] Error: RunMessage(msgname=PHttpChannel::Msg_DeleteSelf) Channel closing: too late to send/recv, messages will be lost

1650349367962	geckodriver	INFO	Listening on 127.0.0.1:56476
1650349371029	mozrunner::runner	INFO	Running command: "C:\\Program Files\\Mozilla Firefox\\firefox.exe" "--marionette" "-no-remote" "-profile" "C:\\Users\\cheer\\AppData\\Local\\Temp\\rust_mozprofileiq0yDo"
1650349372029	Marionette	INFO	Marionette enabled
console.warn: SearchSettings: "get: No settings file exists, new profile?" (new NotFoundError("Could not open the file at C:\\Users\\cheer\\AppData\\Local\\Temp\\rust_mozprofileiq0yDo\\search.json.mozlz4", (void 0)))
1650349375765	Marionette	INFO	Listening on port 56520
Read port: 56520
1650349375860	RemoteAgent	WARN	TLS certificate errors will be ignored for this session
1650349380666	Marionette	INFO	Stopped listening on port 56520
