INFO:root:{
  "url": "http://testphp.vulnweb.com/login.php",
  "pass_user": "pass_user.csv",
  "params_list": {
    "password_param": [
      "password"
    ],
    "user_param": [
      "username",
      "email",
      "log",
      "id"
    ],
    "ButtonList": [
      "login",
      "sign in"
    ]
  },
  "req_body": {
    "uname": "tes1t",
    "pass": "test"
  },
  "method": "POST",
  "headers": {
    "host": "testphp.vulnweb.com",
    "user-agent": "Mozilla/5.0 (Windows NT 10.0; Win64; x64; rv:98.0) Gecko/20100101 Firefox/98.0",
    "accept": "text/html,application/xhtml+xml,application/xml;q=0.9,image/avif,image/webp,*/*;q=0.8",
    "accept-language": "en-US,en;q=0.5",
    "accept-encoding": "gzip, deflate",
    "content-type": "application/x-www-form-urlencoded",
    "origin": "http://testphp.vulnweb.com",
    "connection": "keep-alive",
    "referer": "http://testphp.vulnweb.com/login.php",
    "upgrade-insecure-requests": "1"
  },
  "req_body_type": "URL_ENCODED",
  "button": "<input style=\"width:75px;\" type=\"submit\" value=\"login\"/>",
  "type": "javascript",
  "user_param": "uname",
  "password_param": "pass",
  "Usernames": "0        alqlambara@gmail.com\n1                     mohamad\n2                    m7mdassi\n3    mohamadassi173@gmail.com\nName: Usernames, dtype: object",
  "Passwords": "0         asdasd\n1    astmamsh123\n2      bara12340\n3         asdasd\nName: Passwords, dtype: object"
}
