INFO:pyppeteer.launcher:Browser listening on: ws://127.0.0.1:56900/devtools/browser/0dfd34dc-e0f5-46d7-a175-000417e07014
INFO:root:[webParser] Fetched user and password params from html
INFO:root:{
  "action": "https://brokencrystals.com/api/auth/login",
  "pass_user": "pass_user.csv",
  "params_list": "params.json",
  "req_body": {
    "op": "basic",
    "password": "astmamshas123",
    "user": "mohamadassi173@gmailasd.com"
  },
  "headers": {
    "Accept": "application/json, text/plain, */*",
    "Accept-Encoding": "gzip, deflate, br",
    "Accept-Language": "en-US,en;q=0.9,ar;q=0.8,he;q=0.7",
    "Connection": "keep-alive",
    "Content-Type": "application/json",
    "Host": "brokencrystals.com",
    "Origin": "https://brokencrystals.com",
    "Referer": "https://brokencrystals.com/userlogin",
    "Sec-Fetch-Dest": "empty",
    "Sec-Fetch-Mode": "cors",
    "Sec-Fetch-Site": "same-origin",
    "User-Agent": "Mozilla/5.0 (Linux; Android 8.0.0; SM-G955U Build/R16NW) AppleWebKit/537.36 (KHTML, like Gecko) Chrome/87.0.4280.141 Mobile Safari/537.36 Edg/101.0.4951.64"
  },
  "url": "https://brokencrystals.com/userlogin",
  "type": "javascript",
  "user_param": "user",
  "password_param": "password",
  "req_body_type": "JSON",
  "Usernames": "0        alqlambara@gmail.com\n1                     mohamad\n2                       loool\n3    mohamadassi173@gmail.com\nName: Usernames, dtype: object",
  "Passwords": "0         asdasd\n1    astmamsh123\n2      bara12340\n3         asdasd\nName: Passwords, dtype: object"
}
INFO:pyppeteer.launcher:Browser listening on: ws://127.0.0.1:56916/devtools/browser/ab6c6c3c-dd2d-41d2-891f-eb6a89eb25b9
INFO:pyppeteer.launcher:terminate chrome process...
INFO:pyppeteer.launcher:terminate chrome process...
