INFO:pyppeteer.launcher:Browser listening on: ws://127.0.0.1:57922/devtools/browser/a2725a6f-c389-4185-ab4f-cba67c4f418e
INFO:root:[webParser] Fetched user and password params from html
INFO:root:{
  "action": "https://defendtheweb.net/auth",
  "pass_user": "pass_user.csv",
  "params_list": "params.json",
  "req_body": {
    "token": "a511d833132fa2626d32a5e0fc977bc885f73732b6f840e0f41bc260d5ce1d80",
    "username": "m7mdassia",
    "password": "astmamsh123"
  },
  "headers": {
    "accept": "text/html,application/xhtml+xml,application/xml;q=0.9,image/webp,image/apng,*/*;q=0.8,application/signed-exchange;v=b3;q=0.9",
    "accept-encoding": "gzip, deflate, br",
    "accept-language": "en-US,en;q=0.9,ar;q=0.8,he;q=0.7",
    "cache-control": "max-age=0",
    "content-length": 110,
    "content-type": "application/x-www-form-urlencoded",
    "origin": "https://defendtheweb.net",
    "referer": "https://defendtheweb.net/auth",
    "sec-fetch-dest": "document",
    "sec-fetch-mode": "navigate",
    "sec-fetch-site": "same-origin",
    "sec-fetch-user": "?1",
    "upgrade-insecure-requests": 1,
    "user-agent": "Mozilla/5.0 (Linux; Android 8.0.0; SM-G955U Build/R16NW) AppleWebKit/537.36 (KHTML, like Gecko) Chrome/87.0.4280.141 Mobile Safari/537.36 Edg/101.0.4951.64"
  },
  "url": "https://defendtheweb.net/auth",
  "type": "javascript",
  "user_param": "username",
  "password_param": "password",
  "req_body_type": "URL_ENCODED",
  "Usernames": "0        alqlambara@gmail.com\n1                     mohamad\n2                       loool\n3    mohamadassi173@gmail.com\nName: Usernames, dtype: object",
  "Passwords": "0         asdasd\n1    astmamsh123\n2      bara12340\n3         asdasd\nName: Passwords, dtype: object"
}
INFO:pyppeteer.launcher:Browser listening on: ws://127.0.0.1:57935/devtools/browser/a925ddef-8de3-416a-b605-a071a5f102b8
INFO:root:login successfull

username: alqlambara@gmail.com
password: asdasd
INFO:pyppeteer.launcher:terminate chrome process...
INFO:pyppeteer.launcher:terminate chrome process...
