INFO:root:random password generated: 6,m-6Jd/Wu
INFO:root:username_element: user
INFO:root:password_element: password
INFO:root:random password generated: ]+<Alp0MV}
INFO:root:username_element: user
INFO:root:password_element: password
INFO:root:{
  "pass_user": "pass_user.csv",
  "params_list": {
    "password_param": [
      "password"
    ],
    "user_param": [
      "username",
      "email",
      "log",
      "id"
    ],
    "ButtonList": [
      "login",
      "sign in"
    ]
  }
}
INFO:root:{
  "button_attr": "button:text(\"sign in\")",
  "form": "<form><div class=\"form-group\"><label>Authentication Type</label><select class=\"form-control\" name=\"op\" placeholder=\"Authentication Type\"><option value=\"basic\">Simple REST-based Authentication</option><option value=\"html\">Simple HTML Form-based Authentication</option><option value=\"csrf\">Simple CSRF-based Authentication</option><option value=\"csrf_dom\">DOM based CSRF Authentication</option><option value=\"oidc\">Simple OIDC-based Authentication</option></select></div><div class=\"form-group\"><label>Email</label><input class=\"au-input au-input--full\" name=\"user\" placeholder=\"Email\" type=\"text\" value=\"\"/></div><div class=\"form-group\"><label>Password</label><input class=\"au-input au-input--full\" name=\"password\" placeholder=\"Password\" type=\"password\" value=\"\"/></div><br/><button class=\"au-btn au-btn--block au-btn--green m-b-20\" type=\"submit\">sign in</button></form>",
  "user_param": "user",
  "password_param": "password",
  "contentLen": 9351.0,
  "post_data": {
    "user": "mohamadassi173@gmail.com",
    "password": "]+<Alp0MV}",
    "op": "basic"
  },
  "method": "POST",
  "action": "https://brokencrystals.com/api/auth/login",
  "headers": {
    "host": "brokencrystals.com",
    "user-agent": "Mozilla/5.0 (Windows NT 10.0; Win64; x64; rv:98.0) Gecko/20100101 Firefox/98.0",
    "accept": "application/json, text/plain, */*",
    "accept-language": "en-US,en;q=0.5",
    "accept-encoding": "gzip, deflate, br",
    "content-type": "application/json",
    "origin": "https://brokencrystals.com",
    "connection": "keep-alive",
    "referer": "https://brokencrystals.com/userlogin",
    "sec-fetch-dest": "empty",
    "sec-fetch-mode": "cors",
    "sec-fetch-site": "same-origin"
  },
  "req_body_type": "JSON"
}
